TN:
SF:src/App.svelte
FN:1,App
FN:19,(anonymous_1)
FN:28,(anonymous_2)
FN:43,handleGlobalKeydown
FN:74,(anonymous_4)
FN:77,(anonymous_5)
FN:102,(anonymous_6)
FN:103,(anonymous_7)
FN:108,(anonymous_8)
FN:99,click
FN:158,(anonymous_10)
FN:163,(anonymous_11)
FN:115,(anonymous_12)
FN:120,(anonymous_13)
FN:122,(anonymous_14)
FN:128,(anonymous_15)
FN:130,(anonymous_16)
FN:130,(anonymous_17)
FN:143,(anonymous_18)
FN:145,(anonymous_19)
FN:145,(anonymous_20)
FN:150,(anonymous_21)
FN:168,(anonymous_22)
FN:115,click_1
FN:122,click_2
FN:130,click_3
FN:145,click_4
FN:179,(anonymous_27)
FN:178,(anonymous_28)
FN:178,click_5
FN:196,(anonymous_30)
FN:195,(anonymous_31)
FN:195,(anonymous_32)
FN:186,click_6
FN:187,click_7
FN:214,(anonymous_35)
FN:213,(anonymous_36)
FN:213,(anonymous_37)
FN:204,click_9
FN:205,click_10
FN:88,get
FNF:41
FNH:32
FNDA:3,App
FNDA:3,(anonymous_1)
FNDA:3,(anonymous_2)
FNDA:1,handleGlobalKeydown
FNDA:7,(anonymous_4)
FNDA:2,(anonymous_5)
FNDA:0,(anonymous_6)
FNDA:0,(anonymous_7)
FNDA:0,(anonymous_8)
FNDA:0,click
FNDA:3,(anonymous_10)
FNDA:3,(anonymous_11)
FNDA:3,(anonymous_12)
FNDA:3,(anonymous_13)
FNDA:3,(anonymous_14)
FNDA:3,(anonymous_15)
FNDA:3,(anonymous_16)
FNDA:3,(anonymous_17)
FNDA:3,(anonymous_18)
FNDA:3,(anonymous_19)
FNDA:3,(anonymous_20)
FNDA:3,(anonymous_21)
FNDA:3,(anonymous_22)
FNDA:1,click_1
FNDA:1,click_2
FNDA:0,click_3
FNDA:1,click_4
FNDA:1,(anonymous_27)
FNDA:2,(anonymous_28)
FNDA:0,click_5
FNDA:1,(anonymous_30)
FNDA:1,(anonymous_31)
FNDA:2,(anonymous_32)
FNDA:0,click_6
FNDA:1,click_7
FNDA:1,(anonymous_35)
FNDA:1,(anonymous_36)
FNDA:1,(anonymous_37)
FNDA:0,click_9
FNDA:0,click_10
FNDA:6,get
DA:11,3
DA:12,3
DA:13,3
DA:14,3
DA:15,3
DA:17,3
DA:19,3
DA:20,3
DA:22,3
DA:25,3
DA:26,3
DA:28,3
DA:29,3
DA:30,3
DA:32,3
DA:33,0
DA:34,0
DA:37,3
DA:38,3
DA:41,3
DA:44,1
DA:45,1
DA:46,1
DA:50,1
DA:51,0
DA:52,0
DA:53,0
DA:55,0
DA:56,0
DA:57,0
DA:59,0
DA:60,0
DA:61,0
DA:62,0
DA:65,0
DA:66,0
DA:67,0
DA:74,3
DA:75,7
DA:76,2
DA:77,2
DA:78,2
DA:79,2
DA:81,5
DA:82,2
DA:83,2
DA:88,3
DA:90,4
DA:91,3
DA:92,3
DA:93,3
DA:97,3
DA:98,3
DA:99,0
DA:101,0
DA:102,0
DA:103,0
DA:106,0
DA:107,0
DA:108,0
DA:114,3
DA:115,3
DA:120,3
DA:122,3
DA:128,3
DA:130,3
DA:131,3
DA:132,3
DA:138,0
DA:143,3
DA:145,3
DA:150,3
DA:155,3
DA:156,3
DA:157,3
DA:158,3
DA:162,3
DA:163,3
DA:167,3
DA:168,3
DA:177,1
DA:178,1
DA:179,1
DA:183,5
DA:186,1
DA:187,1
DA:193,1
DA:195,1
DA:196,1
DA:201,5
DA:204,1
DA:205,1
DA:211,0
DA:213,1
DA:214,1
LF:95
LH:71
BRDA:20,0,0,3
BRDA:20,0,1,3
BRDA:20,0,2,3
BRDA:32,1,0,0
BRDA:32,1,1,3
BRDA:32,2,0,3
BRDA:32,2,1,3
BRDA:44,3,0,1
BRDA:44,3,1,0
BRDA:50,4,0,0
BRDA:50,4,1,1
BRDA:50,5,0,1
BRDA:50,5,1,1
BRDA:51,6,0,0
BRDA:51,6,1,0
BRDA:53,7,0,0
BRDA:53,7,1,0
BRDA:59,8,0,0
BRDA:59,8,1,0
BRDA:60,9,0,0
BRDA:60,9,1,0
BRDA:65,10,0,0
BRDA:65,10,1,0
BRDA:75,11,0,2
BRDA:75,11,1,5
BRDA:75,12,0,7
BRDA:75,12,1,6
BRDA:81,13,0,2
BRDA:81,13,1,3
BRDA:99,14,0,0
BRDA:99,14,1,0
BRDA:104,15,0,0
BRDA:104,15,1,0
BRDA:102,16,0,0
BRDA:102,16,1,0
BRDA:103,17,0,0
BRDA:103,17,1,0
BRDA:108,18,0,0
BRDA:108,18,1,0
BRDA:108,19,0,0
BRDA:108,19,1,0
BRDA:98,20,0,0
BRDA:98,20,1,3
BRDA:98,21,0,3
BRDA:98,21,1,3
BRDA:131,22,0,3
BRDA:131,22,1,0
BRDA:156,23,0,3
BRDA:156,23,1,0
BRDA:130,24,0,3
BRDA:130,24,1,0
BRDA:130,25,0,3
BRDA:130,25,1,0
BRDA:143,26,0,3
BRDA:143,26,1,0
BRDA:90,27,0,3
BRDA:90,27,1,1
BRDA:183,28,0,1
BRDA:183,28,1,4
BRDA:201,29,0,1
BRDA:201,29,1,4
BRF:61
BRH:30
end_of_record
TN:
SF:src/lib/types.ts
FNF:0
FNH:0
LF:0
LH:0
BRF:0
BRH:0
end_of_record
TN:
SF:src/lib/components/HistoryList.svelte
FN:1,HistoryList
FN:6,formatTime
FN:10,formatDate
FN:16,getModeLabel
FN:28,(anonymous_4)
FN:28,click
FN:33,(anonymous_6)
FN:35,(anonymous_7)
FN:35,(anonymous_8)
FN:36,(anonymous_9)
FN:36,(anonymous_10)
FN:45,(anonymous_11)
FN:48,(anonymous_12)
FN:57,(anonymous_13)
FN:57,(anonymous_14)
FN:41,(anonymous_15)
FN:41,(anonymous_16)
FN:41,(anonymous_17)
FN:41,(anonymous_18)
FN:52,(anonymous_19)
FN:60,(anonymous_20)
FN:60,(anonymous_21)
FN:26,(anonymous_22)
FNF:23
FNH:23
FNDA:6,HistoryList
FNDA:10,formatTime
FNDA:10,formatDate
FNDA:8,getModeLabel
FNDA:6,(anonymous_4)
FNDA:1,click
FNDA:8,(anonymous_6)
FNDA:3,(anonymous_7)
FNDA:3,(anonymous_8)
FNDA:10,(anonymous_9)
FNDA:5,(anonymous_10)
FNDA:2,(anonymous_11)
FNDA:4,(anonymous_12)
FNDA:4,(anonymous_13)
FNDA:4,(anonymous_14)
FNDA:5,(anonymous_15)
FNDA:5,(anonymous_16)
FNDA:5,(anonymous_17)
FNDA:5,(anonymous_18)
FNDA:5,(anonymous_19)
FNDA:5,(anonymous_20)
FNDA:5,(anonymous_21)
FNDA:12,(anonymous_22)
DA:7,10
DA:11,10
DA:14,6
DA:17,8
DA:18,4
DA:19,2
DA:20,0
DA:24,6
DA:25,6
DA:26,6
DA:27,7
DA:28,3
DA:32,7
DA:33,4
DA:35,3
DA:36,10
DA:37,5
DA:41,5
DA:43,5
DA:44,5
DA:45,1
DA:47,4
DA:48,4
DA:51,5
DA:52,5
DA:55,5
DA:56,5
DA:57,4
DA:60,5
LF:29
LH:28
BRDA:17,0,0,4
BRDA:17,0,1,4
BRDA:18,1,0,2
BRDA:18,1,1,2
BRDA:19,2,0,2
BRDA:19,2,1,0
BRDA:27,3,0,3
BRDA:27,3,1,4
BRDA:45,4,0,1
BRDA:45,4,1,0
BRDA:44,5,0,1
BRDA:44,5,1,4
BRDA:57,6,0,4
BRDA:57,6,1,0
BRDA:56,7,0,4
BRDA:56,7,1,1
BRDA:37,8,0,20
BRDA:37,8,1,0
BRDA:41,9,0,1
BRDA:41,9,1,4
BRDA:41,10,0,5
BRDA:41,10,1,2
BRDA:52,11,0,5
BRDA:52,11,1,2
BRDA:32,12,0,4
BRDA:32,12,1,3
BRF:26
BRH:22
end_of_record
TN:
SF:src/lib/components/PomodoroTimer.svelte
FN:1,PomodoroTimer
FN:20,(anonymous_1)
FN:24,(anonymous_2)
FN:24,(anonymous_3)
FN:25,(anonymous_4)
FN:26,click
FN:65,(anonymous_6)
FN:72,(anonymous_7)
FN:72,click_1
FN:84,(anonymous_9)
FN:74,click_2
FN:36,(anonymous_11)
FN:36,(anonymous_12)
FN:86,(anonymous_13)
FN:90,(anonymous_14)
FN:86,click_3
FNF:16
FNH:16
FNDA:10,PomodoroTimer
FNDA:10,(anonymous_1)
FNDA:10,(anonymous_2)
FNDA:10,(anonymous_3)
FNDA:30,(anonymous_4)
FNDA:1,click
FNDA:16,(anonymous_6)
FNDA:4,(anonymous_7)
FNDA:1,click_1
FNDA:22,(anonymous_9)
FNDA:2,click_2
FNDA:10,(anonymous_11)
FNDA:11,(anonymous_12)
FNDA:10,(anonymous_13)
FNDA:10,(anonymous_14)
FNDA:1,click_3
DA:8,10
DA:9,10
DA:10,10
DA:11,10
DA:12,10
DA:14,10
DA:20,10
DA:23,11
DA:24,10
DA:26,33
DA:29,1
DA:31,33
DA:36,11
DA:37,10
DA:38,10
DA:46,11
DA:60,10
DA:61,11
DA:62,10
DA:63,2
DA:65,8
DA:70,10
DA:71,13
DA:72,2
DA:74,11
DA:75,2
DA:76,1
DA:83,2
DA:84,11
DA:86,10
DA:89,10
DA:90,11
LF:32
LH:32
BRDA:62,0,0,2
BRDA:62,0,1,8
BRDA:75,1,0,1
BRDA:75,1,1,1
BRDA:71,2,0,2
BRDA:71,2,1,11
BRDA:23,3,0,7
BRDA:23,3,1,4
BRDA:23,4,0,4
BRDA:23,4,1,0
BRDA:36,5,0,11
BRDA:36,5,1,0
BRDA:36,6,0,22
BRDA:36,6,1,0
BRDA:90,7,0,11
BRDA:90,7,1,0
BRDA:90,8,0,11
BRDA:90,8,1,0
BRDA:36,9,0,7
BRDA:36,9,1,4
BRDA:36,10,0,4
BRDA:36,10,1,0
BRDA:90,11,0,0
BRDA:90,11,1,10
BRF:24
BRH:17
end_of_record
TN:
SF:src/lib/components/SettingsModal.svelte
FN:1,SettingsModal
FN:9,(anonymous_1)
FN:15,(anonymous_2)
FN:25,(anonymous_3)
FN:27,(anonymous_4)
FN:28,(anonymous_5)
FN:29,(anonymous_6)
FN:35,(anonymous_7)
FN:38,(anonymous_8)
FN:49,(anonymous_9)
FN:60,(anonymous_10)
FN:77,(anonymous_11)
FN:85,(anonymous_12)
FN:16,input
FN:26,input_1
FN:39,input_3
FN:50,input_5
FN:61,input_7
FN:74,click
FN:79,click_1
FNF:20
FNH:19
FNDA:8,SettingsModal
FNDA:10,(anonymous_1)
FNDA:10,(anonymous_2)
FNDA:10,(anonymous_3)
FNDA:10,(anonymous_4)
FNDA:10,(anonymous_5)
FNDA:10,(anonymous_6)
FNDA:10,(anonymous_7)
FNDA:10,(anonymous_8)
FNDA:10,(anonymous_9)
FNDA:10,(anonymous_10)
FNDA:10,(anonymous_11)
FNDA:10,(anonymous_12)
FNDA:1,input
FNDA:0,input_1
FNDA:1,input_3
FNDA:1,input_5
FNDA:1,input_7
FNDA:1,click
FNDA:1,click_1
DA:4,8
DA:7,8
DA:8,8
DA:9,10
DA:12,8
DA:14,8
DA:15,10
DA:16,13
DA:17,8
DA:18,8
DA:19,8
DA:24,8
DA:25,10
DA:26,13
DA:27,10
DA:28,10
DA:29,10
DA:34,8
DA:35,10
DA:36,8
DA:37,8
DA:38,10
DA:39,13
DA:45,1
DA:48,8
DA:49,10
DA:50,13
DA:56,1
DA:59,8
DA:60,10
DA:61,13
DA:67,1
DA:73,8
DA:74,8
DA:75,1
DA:77,10
DA:79,8
DA:80,1
DA:81,1
DA:82,1
DA:85,10
LF:41
LH:41
BRDA:16,0,0,10
BRDA:16,0,1,3
BRDA:16,1,0,10
BRDA:16,1,1,0
BRDA:26,2,0,8
BRDA:26,2,1,5
BRDA:26,3,0,8
BRDA:26,3,1,0
BRDA:45,4,0,1
BRDA:45,4,1,0
BRDA:56,5,0,1
BRDA:56,5,1,0
BRDA:67,6,0,1
BRDA:67,6,1,0
BRDA:80,7,0,1
BRDA:80,7,1,0
BRDA:80,8,0,1
BRDA:80,8,1,0
BRF:18
BRH:11
end_of_record
TN:
SF:src/lib/components/TodoList.svelte
FN:1,TodoList
FN:12,startEdit
FN:17,saveEdit
FN:24,handleEditKeydown
FN:31,cycleNewPriority
FN:39,handleDragStart
FN:47,handleDragOver
FN:54,handleDrop
FN:62,cyclePriority
FN:69,handleAdd
FN:75,handleKeydown
FN:79,toggleTaskTimer
FN:85,(anonymous_12)
FN:97,(anonymous_13)
FN:117,getTaskFraction
FN:127,getTotalElapsedMinutes
FN:158,(anonymous_16)
FN:160,(anonymous_17)
FN:160,(anonymous_18)
FN:161,(anonymous_19)
FN:161,(anonymous_20)
FN:191,get
FN:202,(anonymous_22)
FN:208,(anonymous_23)
FN:210,(anonymous_24)
FN:197,dblclick
FN:206,click_2
FN:219,(anonymous_27)
FN:219,(anonymous_28)
FN:224,(anonymous_29)
FN:224,(anonymous_30)
FN:221,(anonymous_31)
FN:165,(anonymous_32)
FN:165,(anonymous_33)
FN:165,(anonymous_34)
FN:175,(anonymous_35)
FN:183,(anonymous_36)
FN:185,(anonymous_37)
FN:185,(anonymous_38)
FN:216,(anonymous_39)
FN:216,(anonymous_40)
FN:216,(anonymous_41)
FN:216,(anonymous_42)
FN:216,(anonymous_43)
FN:232,(anonymous_44)
FN:234,(anonymous_45)
FN:239,(anonymous_46)
FN:162,dragstart
FN:173,click
FN:181,click_1
FN:229,click_3
FN:237,click_4
FN:138,(anonymous_52)
FN:150,(anonymous_53)
FN:154,(anonymous_54)
FN:154,(anonymous_55)
FN:151,get
FNF:57
FNH:56
FNDA:15,TodoList
FNDA:2,startEdit
FNDA:1,saveEdit
FNDA:1,handleEditKeydown
FNDA:2,cycleNewPriority
FNDA:1,handleDragStart
FNDA:1,handleDragOver
FNDA:1,handleDrop
FNDA:1,cyclePriority
FNDA:1,handleAdd
FNDA:1,handleKeydown
FNDA:2,toggleTaskTimer
FNDA:0,(anonymous_12)
FNDA:1,(anonymous_13)
FNDA:53,getTaskFraction
FNDA:17,getTotalElapsedMinutes
FNDA:16,(anonymous_16)
FNDA:18,(anonymous_17)
FNDA:24,(anonymous_18)
FNDA:49,(anonymous_19)
FNDA:11,(anonymous_20)
FNDA:7,get
FNDA:12,(anonymous_22)
FNDA:12,(anonymous_23)
FNDA:12,(anonymous_24)
FNDA:1,dblclick
FNDA:1,click_2
FNDA:1,(anonymous_27)
FNDA:1,(anonymous_28)
FNDA:1,(anonymous_29)
FNDA:1,(anonymous_30)
FNDA:17,(anonymous_31)
FNDA:16,(anonymous_32)
FNDA:11,(anonymous_33)
FNDA:16,(anonymous_34)
FNDA:16,(anonymous_35)
FNDA:11,(anonymous_36)
FNDA:11,(anonymous_37)
FNDA:16,(anonymous_38)
FNDA:11,(anonymous_39)
FNDA:17,(anonymous_40)
FNDA:11,(anonymous_41)
FNDA:17,(anonymous_42)
FNDA:11,(anonymous_43)
FNDA:17,(anonymous_44)
FNDA:17,(anonymous_45)
FNDA:11,(anonymous_46)
FNDA:2,dragstart
FNDA:1,click
FNDA:1,click_1
FNDA:2,click_3
FNDA:1,click_4
FNDA:15,(anonymous_52)
FNDA:15,(anonymous_53)
FNDA:17,(anonymous_54)
FNDA:15,(anonymous_55)
FNDA:34,get
DA:8,15
DA:9,15
DA:10,15
DA:13,2
DA:14,2
DA:18,1
DA:19,1
DA:20,1
DA:25,1
DA:26,1
DA:29,15
DA:32,2
DA:33,2
DA:34,2
DA:37,15
DA:40,1
DA:41,1
DA:42,1
DA:43,1
DA:48,1
DA:49,1
DA:50,1
DA:55,1
DA:56,1
DA:57,1
DA:59,1
DA:63,1
DA:64,1
DA:65,1
DA:66,1
DA:70,1
DA:71,1
DA:72,1
DA:76,1
DA:80,2
DA:81,1
DA:83,0
DA:85,0
DA:89,0
DA:92,1
DA:94,0
DA:97,1
DA:98,1
DA:100,1
DA:101,0
DA:103,1
DA:106,1
DA:113,1
DA:118,53
DA:119,6
DA:120,47
DA:121,5
DA:122,5
DA:124,42
DA:128,17
DA:129,17
DA:130,17
DA:131,17
DA:134,15
DA:137,15
DA:138,15
DA:140,15
DA:141,19
DA:147,19
DA:150,15
DA:151,1
DA:154,19
DA:157,23
DA:158,8
DA:160,9
DA:161,49
DA:162,17
DA:165,16
DA:169,1
DA:171,1
DA:173,17
DA:175,16
DA:176,1
DA:178,17
DA:181,17
DA:183,11
DA:184,1
DA:185,16
DA:188,18
DA:189,2
DA:191,1
DA:197,16
DA:201,1
DA:202,12
DA:204,16
DA:206,16
DA:208,12
DA:209,1
DA:210,12
DA:214,17
DA:216,17
DA:218,16
DA:219,1
DA:221,17
DA:222,1
DA:224,1
DA:229,17
DA:232,17
DA:233,2
DA:234,17
DA:235,17
DA:237,17
DA:239,11
DA:240,1
LF:109
LH:104
BRDA:18,0,0,1
BRDA:18,0,1,0
BRDA:25,1,0,1
BRDA:25,1,1,0
BRDA:26,2,0,0
BRDA:26,2,1,1
BRDA:41,3,0,1
BRDA:41,3,1,0
BRDA:49,4,0,1
BRDA:49,4,1,0
BRDA:56,5,0,1
BRDA:56,5,1,0
BRDA:56,6,0,1
BRDA:56,6,1,1
BRDA:64,7,0,1
BRDA:64,7,1,0
BRDA:76,8,0,1
BRDA:76,8,1,0
BRDA:80,9,0,1
BRDA:80,9,1,1
BRDA:81,10,0,1
BRDA:81,10,1,0
BRDA:85,11,0,0
BRDA:85,11,1,0
BRDA:92,12,0,0
BRDA:92,12,1,1
BRDA:92,13,0,0
BRDA:92,13,1,1
BRDA:100,14,0,0
BRDA:100,14,1,1
BRDA:100,15,0,1
BRDA:100,15,1,1
BRDA:100,15,2,0
BRDA:108,16,0,1
BRDA:108,16,1,0
BRDA:118,17,0,6
BRDA:118,17,1,47
BRDA:118,18,0,53
BRDA:118,18,1,6
BRDA:120,19,0,5
BRDA:120,19,1,42
BRDA:120,20,0,47
BRDA:120,20,1,5
BRDA:188,21,0,2
BRDA:188,21,1,16
BRDA:219,22,0,1
BRDA:219,22,1,0
BRDA:219,23,0,0
BRDA:219,23,1,1
BRDA:218,24,0,1
BRDA:218,24,1,15
BRDA:224,25,0,1
BRDA:224,25,1,0
BRDA:221,26,0,17
BRDA:221,26,1,1
BRDA:162,27,0,17
BRDA:162,27,1,0
BRDA:165,28,0,51
BRDA:165,28,1,0
BRDA:178,29,0,1
BRDA:178,29,1,16
BRDA:181,30,0,17
BRDA:181,30,1,0
BRDA:181,30,2,0
BRDA:181,31,0,34
BRDA:181,31,1,0
BRDA:214,32,0,17
BRDA:214,32,1,0
BRDA:216,33,0,85
BRDA:216,33,1,0
BRDA:235,34,0,1
BRDA:235,34,1,16
BRDA:235,35,0,17
BRDA:235,35,1,2
BRDA:165,36,0,1
BRDA:165,36,1,15
BRDA:165,37,0,16
BRDA:165,37,1,0
BRDA:175,38,0,1
BRDA:175,38,1,15
BRDA:185,39,0,0
BRDA:185,39,1,16
BRDA:185,40,0,1
BRDA:185,40,1,15
BRDA:216,41,0,1
BRDA:216,41,1,16
BRDA:232,42,0,1
BRDA:232,42,1,16
BRDA:232,43,0,17
BRDA:232,43,1,2
BRDA:234,44,0,1
BRDA:234,44,1,16
BRDA:234,45,0,17
BRDA:234,45,1,2
BRDA:157,46,0,8
BRDA:157,46,1,15
BRDA:141,47,0,19
BRDA:141,47,1,0
BRDA:141,48,0,1
BRDA:141,48,1,18
BRDA:145,49,0,1
BRDA:145,49,1,17
BRF:102
BRH:73
end_of_record
TN:
SF:src/lib/i18n/translations.ts
FNF:0
FNH:0
DA:3,8
LF:1
LH:1
BRF:0
BRH:0
end_of_record
TN:
SF:src/lib/stores/history.svelte.ts
FN:5,loadFromStorage
FN:14,save
FN:18,createHistoryStore
FN:22,(anonymous_3)
FN:24,(anonymous_4)
FN:34,(anonymous_5)
FNF:6
FNH:6
FNDA:7,loadFromStorage
FNDA:35,save
FNDA:7,createHistoryStore
FNDA:23,(anonymous_3)
FNDA:13,(anonymous_4)
FNDA:22,(anonymous_5)
DA:3,7
DA:6,7
DA:7,7
DA:8,7
DA:15,35
DA:19,7
DA:22,23
DA:25,13
DA:30,13
DA:31,13
DA:35,22
DA:36,22
DA:41,7
LF:13
LH:13
BRDA:8,0,0,0
BRDA:8,0,1,7
BRF:2
BRH:1
end_of_record
TN:
SF:src/lib/stores/pomodoro.svelte.ts
FN:7,beep
FN:34,createPomodoroStore
FN:42,save
FN:53,load
FN:78,(anonymous_4)
FN:79,(anonymous_5)
FN:81,(anonymous_6)
FN:87,tick
FN:98,stop
FN:107,onComplete
FN:127,setMode
FN:137,start
FN:150,(anonymous_12)
FN:151,(anonymous_13)
FN:152,(anonymous_14)
FN:153,(anonymous_15)
FN:154,(anonymous_16)
FN:155,(anonymous_17)
FN:156,(anonymous_18)
FN:160,(anonymous_19)
FN:167,(anonymous_20)
FN:174,(anonymous_21)
FN:183,(anonymous_22)
FN:192,(anonymous_23)
FNF:24
FNH:24
FNDA:4,beep
FNDA:5,createPomodoroStore
FNDA:130,save
FNDA:6,load
FNDA:6,(anonymous_4)
FNDA:9,(anonymous_5)
FNDA:7,(anonymous_6)
FNDA:9,tick
FNDA:60,stop
FNDA:4,onComplete
FNDA:12,setMode
FNDA:9,start
FNDA:82,(anonymous_12)
FNDA:8,(anonymous_13)
FNDA:27,(anonymous_14)
FNDA:22,(anonymous_15)
FNDA:11,(anonymous_16)
FNDA:17,(anonymous_17)
FNDA:25,(anonymous_18)
FNDA:4,(anonymous_19)
FNDA:9,(anonymous_20)
FNDA:31,(anonymous_21)
FNDA:2,(anonymous_22)
FNDA:1,(anonymous_23)
DA:8,4
DA:9,4
DA:10,4
DA:11,4
DA:12,4
DA:13,4
DA:14,4
DA:15,4
DA:16,4
DA:17,4
DA:18,4
DA:24,5
DA:35,5
DA:36,5
DA:37,5
DA:38,5
DA:39,5
DA:43,130
DA:50,130
DA:54,6
DA:55,5
DA:57,1
DA:58,1
DA:59,1
DA:60,1
DA:62,1
DA:63,6
DA:65,6
DA:66,0
DA:67,1
DA:69,0
DA:70,0
DA:71,0
DA:74,0
DA:78,6
DA:79,9
DA:81,5
DA:82,7
DA:88,9
DA:89,4
DA:90,4
DA:91,4
DA:94,5
DA:95,5
DA:99,60
DA:100,8
DA:101,8
DA:103,60
DA:104,60
DA:108,4
DA:115,4
DA:116,4
DA:117,4
DA:118,4
DA:120,4
DA:122,0
DA:124,4
DA:128,12
DA:129,12
DA:130,12
DA:131,12
DA:132,11
DA:134,12
DA:138,9
DA:139,8
DA:140,8
DA:141,8
DA:145,5
DA:146,5
DA:150,82
DA:151,8
DA:152,27
DA:153,22
DA:154,11
DA:155,17
DA:156,25
DA:161,4
DA:162,4
DA:163,2
DA:168,9
DA:169,9
DA:170,9
DA:171,9
DA:175,31
DA:176,31
DA:177,31
DA:178,7
DA:180,31
DA:184,2
DA:185,1
DA:186,1
DA:187,1
DA:193,1
DA:198,5
LF:94
LH:88
BRDA:55,0,0,5
BRDA:55,0,1,1
BRDA:62,1,0,0
BRDA:62,1,1,1
BRDA:65,2,0,0
BRDA:65,2,1,1
BRDA:65,3,0,6
BRDA:65,3,1,0
BRDA:67,4,0,0
BRDA:67,4,1,1
BRDA:67,5,0,1
BRDA:67,5,1,0
BRDA:88,6,0,4
BRDA:88,6,1,5
BRDA:99,7,0,8
BRDA:99,7,1,52
BRDA:110,8,0,4
BRDA:110,8,1,0
BRDA:115,9,0,4
BRDA:115,9,1,0
BRDA:117,10,0,4
BRDA:117,10,1,0
BRDA:120,11,0,1
BRDA:120,11,1,3
BRDA:131,12,0,11
BRDA:131,12,1,1
BRDA:138,13,0,1
BRDA:138,13,1,8
BRDA:138,14,0,9
BRDA:138,14,1,1
BRDA:145,15,0,5
BRDA:145,15,1,0
BRDA:162,16,0,2
BRDA:162,16,1,2
BRDA:177,17,0,7
BRDA:177,17,1,24
BRDA:184,18,0,1
BRDA:184,18,1,1
BRF:38
BRH:29
end_of_record
TN:
SF:src/lib/stores/settings.svelte.ts
FN:17,getInitialLanguage
FN:34,loadFromStorage
FN:45,saveToStorage
FN:49,createSettingsStore
FN:53,(anonymous_4)
FN:58,(anonymous_5)
FN:59,(anonymous_6)
FN:64,(anonymous_7)
FN:65,(anonymous_8)
FN:70,(anonymous_9)
FN:72,(anonymous_10)
FN:77,(anonymous_11)
FNF:12
FNH:12
FNDA:16,getInitialLanguage
FNDA:8,loadFromStorage
FNDA:47,saveToStorage
FNDA:8,createSettingsStore
FNDA:552,(anonymous_4)
FNDA:36,(anonymous_5)
FNDA:32,(anonymous_6)
FNDA:37,(anonymous_7)
FNDA:1,(anonymous_8)
FNDA:137,(anonymous_9)
FNDA:6,(anonymous_10)
FNDA:8,(anonymous_11)
DA:15,8
DA:18,16
DA:19,16
DA:20,16
DA:21,16
DA:24,8
DA:35,8
DA:36,8
DA:37,8
DA:38,0
DA:39,0
DA:41,0
DA:46,47
DA:50,8
DA:53,8
DA:54,552
DA:58,36
DA:60,32
DA:61,32
DA:64,37
DA:66,1
DA:67,1
DA:70,137
DA:73,6
DA:74,6
DA:78,8
DA:79,8
DA:80,8
DA:81,8
DA:88,8
LF:30
LH:27
BRDA:19,0,0,0
BRDA:19,0,1,16
BRDA:20,1,0,0
BRDA:20,1,1,16
BRDA:37,2,0,8
BRDA:37,2,1,0
BRDA:54,3,0,552
BRDA:54,3,1,0
BRF:8
BRH:4
end_of_record
TN:
SF:src/lib/stores/todos.svelte.ts
FN:6,loadFromStorage
FN:15,loadActiveTaskId
FN:19,save
FN:23,saveActiveTaskId
FN:31,createTodosStore
FN:36,(anonymous_5)
FN:37,(anonymous_6)
FN:38,(anonymous_7)
FN:38,(anonymous_8)
FN:40,(anonymous_9)
FN:47,(anonymous_10)
FN:48,(anonymous_11)
FN:56,(anonymous_12)
FN:57,(anonymous_13)
FN:61,(anonymous_14)
FN:64,(anonymous_15)
FN:68,(anonymous_16)
FN:69,(anonymous_17)
FN:73,(anonymous_18)
FN:82,(anonymous_19)
FN:83,(anonymous_20)
FN:87,(anonymous_21)
FN:92,(anonymous_22)
FN:93,(anonymous_23)
FN:97,(anonymous_24)
FN:99,(anonymous_25)
FN:109,(anonymous_26)
FN:116,(anonymous_27)
FNF:28
FNH:28
FNDA:7,loadFromStorage
FNDA:7,loadActiveTaskId
FNDA:106,save
FNDA:40,saveActiveTaskId
FNDA:6,createTodosStore
FNDA:86,(anonymous_5)
FNDA:224,(anonymous_6)
FNDA:25,(anonymous_7)
FNDA:13,(anonymous_8)
FNDA:32,(anonymous_9)
FNDA:2,(anonymous_10)
FNDA:2,(anonymous_11)
FNDA:3,(anonymous_12)
FNDA:3,(anonymous_13)
FNDA:3,(anonymous_14)
FNDA:2,(anonymous_15)
FNDA:2,(anonymous_16)
FNDA:2,(anonymous_17)
FNDA:3,(anonymous_18)
FNDA:6,(anonymous_19)
FNDA:6,(anonymous_20)
FNDA:8,(anonymous_21)
FNDA:24,(anonymous_22)
FNDA:27,(anonymous_23)
FNDA:3,(anonymous_24)
FNDA:5,(anonymous_25)
FNDA:32,(anonymous_26)
FNDA:1,(anonymous_27)
DA:3,6
DA:4,6
DA:7,7
DA:8,7
DA:9,7
DA:16,7
DA:20,106
DA:24,40
DA:25,7
DA:27,33
DA:32,6
DA:33,6
DA:36,86
DA:37,224
DA:38,25
DA:41,32
DA:42,1
DA:44,31
DA:48,2
DA:49,2
DA:50,0
DA:51,0
DA:53,2
DA:57,3
DA:58,3
DA:62,3
DA:63,1
DA:64,2
DA:65,2
DA:69,2
DA:70,2
DA:74,3
DA:75,2
DA:76,2
DA:77,2
DA:78,2
DA:79,2
DA:83,6
DA:84,6
DA:88,8
DA:89,8
DA:93,27
DA:94,24
DA:98,3
DA:100,5
DA:101,1
DA:102,1
DA:104,4
DA:106,2
DA:110,32
DA:111,32
DA:112,32
DA:113,32
DA:117,1
DA:118,1
DA:123,6
LF:56
LH:54
BRDA:9,0,0,1
BRDA:9,0,1,6
BRDA:24,1,0,7
BRDA:24,1,1,33
BRDA:38,2,0,25
BRDA:38,2,1,12
BRDA:40,3,0,32
BRDA:42,4,0,1
BRDA:42,4,1,31
BRDA:49,5,0,0
BRDA:49,5,1,2
BRDA:57,6,0,3
BRDA:57,6,1,0
BRDA:63,7,0,1
BRDA:63,7,1,2
BRDA:64,8,0,2
BRDA:64,8,1,0
BRDA:69,9,0,2
BRDA:69,9,1,0
BRDA:74,10,0,1
BRDA:74,10,1,2
BRDA:74,11,0,3
BRDA:74,11,1,2
BRDA:74,11,2,2
BRDA:74,11,3,2
BRDA:83,12,0,5
BRDA:83,12,1,1
BRDA:93,13,0,24
BRDA:93,13,1,3
BRDA:98,14,0,1
BRDA:98,14,1,2
BRDA:100,15,0,1
BRDA:100,15,1,4
BRDA:100,16,0,5
BRDA:100,16,1,1
BRF:35
BRH:31
end_of_record
